app/build/intermediates/manifest_merge_blame_file/debug/manifest-merger-blame-debug-report.txt
1<?xml version="1.0" encoding="utf-8"?>
2<manifest xmlns:android="http://schemas.android.com/apk/res/android"
3    package="com.fishstix.dosboxfree"
4    android:installLocation="auto"
5    android:versionCode="73"
6    android:versionName="2.1.20" >
7
8    <uses-sdk
8-->src/main/AndroidManifest.xml:7:5-72
9        android:minSdkVersion="9"
9-->src/main/AndroidManifest.xml:7:15-40
10        android:targetSdkVersion="21" />
10-->src/main/AndroidManifest.xml:7:41-70
11
12    <uses-permission android:name="android.permission.INTERNET" />
12-->src/main/AndroidManifest.xml:8:5-66
12-->src/main/AndroidManifest.xml:8:22-64
13    <uses-permission android:name="android.permission.ACCESS_NETWORK_STATE" />
13-->src/main/AndroidManifest.xml:9:5-78
13-->src/main/AndroidManifest.xml:9:22-76
14    <uses-permission android:name="android.permission.WAKE_LOCK" />
14-->src/main/AndroidManifest.xml:10:5-67
14-->src/main/AndroidManifest.xml:10:22-65
15    <uses-permission android:name="android.permission.READ_EXTERNAL_STORAGE" />
15-->src/main/AndroidManifest.xml:11:2-76
15-->src/main/AndroidManifest.xml:11:19-74
16    <uses-permission android:name="android.permission.WRITE_EXTERNAL_STORAGE" />
16-->src/main/AndroidManifest.xml:12:2-77
16-->src/main/AndroidManifest.xml:12:19-75
17
18    <uses-feature
18-->src/main/AndroidManifest.xml:13:5-85
19        android:name="android.hardware.camera"
19-->src/main/AndroidManifest.xml:13:19-57
20        android:required="false" />
20-->src/main/AndroidManifest.xml:13:58-82
21    <uses-feature
21-->src/main/AndroidManifest.xml:14:5-88
22        android:name="android.hardware.telephony"
22-->src/main/AndroidManifest.xml:14:19-60
23        android:required="false" />
23-->src/main/AndroidManifest.xml:14:61-85
24
25    <supports-screens android:largeScreens="true" />
25-->src/main/AndroidManifest.xml:16:5-52
25-->src/main/AndroidManifest.xml:16:23-50
26    <supports-screens android:xlargeScreens="true" />
26-->src/main/AndroidManifest.xml:16:5-52
26-->src/main/AndroidManifest.xml:17:23-51
27
28    <application
28-->src/main/AndroidManifest.xml:18:5-36:19
29        android:allowBackup="false"
29-->src/main/AndroidManifest.xml:18:141-168
30        android:debuggable="true"
31        android:hardwareAccelerated="true"
31-->src/main/AndroidManifest.xml:18:81-115
32        android:icon="@drawable/icon"
32-->src/main/AndroidManifest.xml:18:18-47
33        android:label="@string/app_name"
33-->src/main/AndroidManifest.xml:18:48-80
34        android:largeHeap="true" >
34-->src/main/AndroidManifest.xml:18:116-140
35        <activity
35-->src/main/AndroidManifest.xml:19:9-31:24
36            android:name="com.fishstix.dosboxfree.DBMain"
36-->src/main/AndroidManifest.xml:19:19-64
37            android:configChanges="keyboardHidden|orientation|screenSize|navigation|keyboard"
37-->src/main/AndroidManifest.xml:22:19-100
38            android:label="@string/app_name"
38-->src/main/AndroidManifest.xml:20:19-51
39            android:theme="@style/Theme.Sherlock" >
39-->src/main/AndroidManifest.xml:21:19-56
40            <intent-filter>
40-->src/main/AndroidManifest.xml:23:13-26:29
41                <action android:name="android.intent.action.MAIN" />
41-->src/main/AndroidManifest.xml:24:17-69
41-->src/main/AndroidManifest.xml:24:25-66
42
43                <category android:name="android.intent.category.LAUNCHER" />
43-->src/main/AndroidManifest.xml:25:17-77
43-->src/main/AndroidManifest.xml:25:27-74
44            </intent-filter>
45            <intent-filter>
45-->src/main/AndroidManifest.xml:27:13-30:29
46                <action android:name="com.fishstix.dosboxfree.START" />
46-->src/main/AndroidManifest.xml:28:17-72
46-->src/main/AndroidManifest.xml:28:25-69
47
48                <data android:mimeType="text/*" />
48-->src/main/AndroidManifest.xml:29:17-51
48-->src/main/AndroidManifest.xml:29:23-48
49            </intent-filter>
50        </activity>
51        <activity
51-->src/main/AndroidManifest.xml:32:9-34:106
52            android:name="com.fishstix.dosboxfree.dosboxprefs.DosBoxPreferences"
52-->src/main/AndroidManifest.xml:33:13-81
53            android:configChanges="keyboardHidden|orientation|screenSize|navigation|keyboard"
53-->src/main/AndroidManifest.xml:34:13-94
54            android:label="@string/app_name" />
54-->src/main/AndroidManifest.xml:32:19-51
55    </application>
56
57</manifest>